<?xml version="1.0" encoding="UTF-8"?>
<testng-results ignored="0" total="1" passed="0" failed="1" skipped="0">
  <reporter-output>
  </reporter-output>
  <suite started-at="2019-10-08T19:57:17 EAT" name="Default suite" finished-at="2019-10-08T19:57:29 EAT" duration-ms="12039">
    <groups>
    </groups>
    <test started-at="2019-10-08T19:57:17 EAT" name="Default test" finished-at="2019-10-08T19:57:29 EAT" duration-ms="12039">
      <class name="com.automationpractice.tests.AuthenticationpageTest">
        <test-method is-config="true" signature="setupWebDriver()[pri:0, instance:com.automationpractice.tests.AuthenticationpageTest@4fe767f3]" started-at="2019-10-08T19:57:17 EAT" name="setupWebDriver" finished-at="2019-10-08T19:57:24 EAT" duration-ms="7357" status="PASS">
          <reporter-output>
          </reporter-output>
        </test-method> <!-- setupWebDriver -->
        <test-method is-config="true" signature="loadWebApplication()[pri:0, instance:com.automationpractice.tests.AuthenticationpageTest@4fe767f3]" started-at="2019-10-08T19:57:24 EAT" name="loadWebApplication" finished-at="2019-10-08T19:57:28 EAT" duration-ms="3148" status="PASS">
          <reporter-output>
          </reporter-output>
        </test-method> <!-- loadWebApplication -->
        <test-method signature="verifyAuthenticationPageTitle()[pri:0, instance:com.automationpractice.tests.AuthenticationpageTest@4fe767f3]" started-at="2019-10-08T19:57:28 EAT" name="verifyAuthenticationPageTitle" finished-at="2019-10-08T19:57:29 EAT" duration-ms="1031" status="FAIL">
          <exception class="java.lang.AssertionError">
            <message>
              <![CDATA[did not expect to find [true] but found [false]]]>
            </message>
            <full-stacktrace>
              <![CDATA[java.lang.AssertionError: did not expect to find [true] but found [false]
at org.testng.Assert.fail(Assert.java:97)
at org.testng.Assert.failNotEquals(Assert.java:969)
at org.testng.Assert.assertTrue(Assert.java:43)
at org.testng.Assert.assertTrue(Assert.java:53)
at com.automationpractice.tests.AuthenticationpageTest.verifyAuthenticationPageTitle(AuthenticationpageTest.java:12)
at java.base/jdk.internal.reflect.NativeMethodAccessorImpl.invoke0(Native Method)
at java.base/jdk.internal.reflect.NativeMethodAccessorImpl.invoke(NativeMethodAccessorImpl.java:62)
at java.base/jdk.internal.reflect.DelegatingMethodAccessorImpl.invoke(DelegatingMethodAccessorImpl.java:43)
at java.base/java.lang.reflect.Method.invoke(Method.java:567)
at org.testng.internal.MethodInvocationHelper.invokeMethod(MethodInvocationHelper.java:133)
at org.testng.internal.TestInvoker.invokeMethod(TestInvoker.java:584)
at org.testng.internal.TestInvoker.invokeTestMethod(TestInvoker.java:172)
at org.testng.internal.MethodRunner.runInSequence(MethodRunner.java:46)
at org.testng.internal.TestInvoker$MethodInvocationAgent.invoke(TestInvoker.java:804)
at org.testng.internal.TestInvoker.invokeTestMethods(TestInvoker.java:145)
at org.testng.internal.TestMethodWorker.invokeTestMethods(TestMethodWorker.java:146)
at org.testng.internal.TestMethodWorker.run(TestMethodWorker.java:128)
at java.base/java.util.ArrayList.forEach(ArrayList.java:1540)
at org.testng.TestRunner.privateRun(TestRunner.java:770)
at org.testng.TestRunner.run(TestRunner.java:591)
at org.testng.SuiteRunner.runTest(SuiteRunner.java:402)
at org.testng.SuiteRunner.runSequentially(SuiteRunner.java:396)
at org.testng.SuiteRunner.privateRun(SuiteRunner.java:355)
at org.testng.SuiteRunner.run(SuiteRunner.java:304)
at org.testng.SuiteRunnerWorker.runSuite(SuiteRunnerWorker.java:53)
at org.testng.SuiteRunnerWorker.run(SuiteRunnerWorker.java:96)
at org.testng.TestNG.runSuitesSequentially(TestNG.java:1180)
at org.testng.TestNG.runSuitesLocally(TestNG.java:1102)
at org.testng.TestNG.runSuites(TestNG.java:1032)
at org.testng.TestNG.run(TestNG.java:1000)
at org.testng.remote.AbstractRemoteTestNG.run(AbstractRemoteTestNG.java:115)
at org.testng.remote.RemoteTestNG.initAndRun(RemoteTestNG.java:251)
at org.testng.remote.RemoteTestNG.main(RemoteTestNG.java:77)
]]>
            </full-stacktrace>
          </exception> <!-- java.lang.AssertionError -->
          <reporter-output>
          </reporter-output>
        </test-method> <!-- verifyAuthenticationPageTitle -->
        <test-method is-config="true" signature="deleteAllCookies()[pri:0, instance:com.automationpractice.tests.AuthenticationpageTest@4fe767f3]" started-at="2019-10-08T19:57:29 EAT" name="deleteAllCookies" finished-at="2019-10-08T19:57:29 EAT" duration-ms="216" status="PASS">
          <reporter-output>
          </reporter-output>
        </test-method> <!-- deleteAllCookies -->
        <test-method is-config="true" signature="tearDownSuite()[pri:0, instance:com.automationpractice.tests.AuthenticationpageTest@4fe767f3]" started-at="2019-10-08T19:57:29 EAT" name="tearDownSuite" finished-at="2019-10-08T19:57:29 EAT" duration-ms="261" status="PASS">
          <reporter-output>
          </reporter-output>
        </test-method> <!-- tearDownSuite -->
      </class> <!-- com.automationpractice.tests.AuthenticationpageTest -->
    </test> <!-- Default test -->
  </suite> <!-- Default suite -->
</testng-results>
